VARIANT_SKIP active: removed [dmrg2-gpu-opt], running [dmrg-gpu-base dmrg-gpu dmrg-gpu-opt dmrg2-gpu-base dmrg2-gpu pdmrg-gpu-base pdmrg-gpu pdmrg-gpu-opt]
============================================================
 G1 baseline launcher — 2026-05-09T17:18:00Z
============================================================
Repo:    /home/hotaisle/dmrg-implementations
Out:     benchmarks/paper_results/mi300x/g1-single-gpu-20260509-1718
HEAD:    c97b673cc545200640391402d1b3f60677e5d594
Branch:  main
Target:  single-gpu
Mode:    smoke=0 full=1 skip_smoke=1
Reps:    10
PDMRG:   warmup=2 polish=2 local=1
Variants: dmrg-gpu-base dmrg-gpu dmrg-gpu-opt dmrg2-gpu-base dmrg2-gpu pdmrg-gpu-base pdmrg-gpu pdmrg-gpu-opt
Filter:  --impl dmrg-gpu-base,dmrg-gpu,dmrg-gpu-opt,dmrg2-gpu-base,dmrg2-gpu,pdmrg-gpu-base,pdmrg-gpu,pdmrg-gpu-opt
============================================================

[1/4] Environment verification
------------------------------
hipcc: HIP version: 7.2.26015-fc0010cf6a
ROCm: 7.2.0
WARNING: AMD GPU device(s) is/are in a low-power state. Check power control/runtime_status
GPU[0]		: Card Series: 		AMD Instinct MI300X VF
GPU[0]		: Card Model: 		0x74b5
GPU[0]		: Card Vendor: 		Advanced Micro Devices, Inc. [AMD/ATI]

[2/4] Defect-class registry pre-flight
--------------------------------------
Registry: TOTAL HITS = 0

[3/4] Building 8 GPU variants
--------------------------------------

--- Building dmrg-gpu-base ---
OK: dmrg-gpu-base -> gpu-rocm/dmrg-gpu-base/build/dmrg_gpu_base

--- Building dmrg-gpu ---
OK: dmrg-gpu -> gpu-rocm/dmrg-gpu/build/dmrg_gpu

--- Building dmrg-gpu-opt ---
OK: dmrg-gpu-opt -> gpu-rocm/dmrg-gpu-opt/build/dmrg_gpu_opt

--- Building dmrg2-gpu-base ---
OK: dmrg2-gpu-base -> gpu-rocm/dmrg2-gpu-base/build/dmrg2_gpu_base

--- Building dmrg2-gpu ---
OK: dmrg2-gpu -> gpu-rocm/dmrg2-gpu/build/dmrg2_gpu

--- Building pdmrg-gpu-base ---
OK: pdmrg-gpu-base -> gpu-rocm/pdmrg-gpu-base/build/pdmrg_gpu_base

--- Building pdmrg-gpu ---
OK: pdmrg-gpu -> gpu-rocm/pdmrg-gpu/build/pdmrg_gpu

--- Building pdmrg-gpu-opt ---
OK: pdmrg-gpu-opt -> gpu-rocm/pdmrg-gpu-opt/build/pdmrg_gpu_opt

[4/4] Running benchmarks
------------------------

==== FULL G1 BASELINE (CHALLENGE_SIZES, ~6-12 h) ====

--- Grid: full-20260509-1718 ---

#################################################################
  MI300X Challenge Benchmarks
  Grid:             CHALLENGE (44 configs)
  Implementations:  dmrg-gpu-base, dmrg-gpu, dmrg-gpu-opt, dmrg2-gpu-base, dmrg2-gpu, pdmrg-gpu-base, pdmrg-gpu, pdmrg-gpu-opt
  Models:           heisenberg, josephson, tfim
  Configs:          352  (× 10 repeats)
  GPU warmup:       ON
  PDMRG overrides:  warmup=2, polish=2, local=1, recal=None
  Timestamp:        20260509_171851_full-20260509-1718
  Output:           benchmarks/paper_results/mi300x/g1-single-gpu-20260509-1718
#################################################################
  Git commit:       dcfe6ca1def4 (main)
CHI_SKIP active: removed chi in [512]

=================================================================
  dmrg-gpu-base — heisenberg
=================================================================
  [  1/296] L= 50 chi= 64 sw=20      
        rep 1/10: t=36.210s  E=-17.1844680183
        rep 2/10: t=44.469s  E=-19.0212274428
        rep 3/10: t=39.665s  E=-19.2308838104
        rep 4/10: t=39.775s  E=-18.4652162075
        rep 5/10: t=35.050s  E=-17.6933740817
        rep 6/10: t=28.854s  E=-18.1236814835
        rep 7/10: t=31.946s  E=-19.2226886093
        rep 8/10: t=96.578s  E=-20.6440972260
        rep 9/10: t=31.651s  E=-19.2516060995
        rep 10/10: t=29.825s  E=-18.6822139407
  [  2/296] L= 50 chi=128 sw=20      
        rep 1/10: t=48.400s  E=-19.7959071055
        rep 2/10: t=40.863s  E=-17.9197246340
        rep 3/10: t=48.027s  E=-19.8210951470
        rep 4/10: t=49.116s  E=-20.1515262314
        rep 5/10: t=39.882s  E=-18.6197527062
        rep 6/10: t=51.209s  E=-19.7461127383
        rep 7/10: t=38.572s  E=-19.3745636787
        rep 8/10: t=49.157s  E=-19.9499300194
        rep 9/10: t=41.512s  E=-19.1800516080
        rep 10/10: t=49.118s  E=-19.8748810937
  [  3/296] L= 50 chi=256 sw=15      
        rep 1/10: t=44.074s  E=-20.0067673168
        rep 2/10: t=45.417s  E=-20.3758784079
        rep 3/10: t=44.681s  E=-20.1919857260
        rep 4/10: t=40.517s  E=-19.3060764374
        rep 5/10: t=46.849s  E=-20.2990339874
        rep 6/10: t=39.658s  E=-19.3036377970
        rep 7/10: t=43.599s  E=-20.0076016891
        rep 8/10: t=31.772s  E=-18.3931563859
        rep 9/10: t=46.376s  E=-20.3965855598
        rep 10/10: t=46.761s  E=-19.8944704629
  [  4/296] L=100 chi= 64 sw=20      
        rep 1/10: t=106.129s  E=-37.6523868129
        rep 2/10: t=241.422s  E=-38.5782032971
        rep 3/10: t=102.724s  E=-36.9742582817
        rep 4/10: t=84.966s  E=-35.9886631556
        rep 5/10: t=81.954s  E=-38.5342031881
        rep 6/10: t=40.541s  E=-36.6716036984
        rep 7/10: t=139.233s  E=-37.1047793968
        rep 8/10: t=87.779s  E=-37.0666274495
        rep 9/10: t=99.929s  E=-36.6230842425
        rep 10/10: t=251.140s  E=-40.0924576613
  [  5/296] L=100 chi=128 sw=20      
        rep 1/10: t=91.295s  E=-40.1517510932
        rep 2/10: t=84.874s  E=-38.8675846988
        rep 3/10: t=68.258s  E=-37.9193231468
        rep 4/10: t=91.205s  E=-40.2514296448
        rep 5/10: t=61.741s  E=-36.8299269626
        rep 6/10: t=69.959s  E=-36.1026655108
        rep 7/10: t=82.964s  E=-40.5408299471
        rep 8/10: t=73.181s  E=-36.2579555575
        rep 9/10: t=88.837s  E=-39.8095037320
        rep 10/10: t=82.791s  E=-39.8531181028
  [  6/296] L=100 chi=256 sw=15      
        rep 1/10: t=69.407s  E=-37.3759558933
        rep 2/10: t=75.603s  E=-39.2860111101
        rep 3/10: t=72.991s  E=-39.2758131776
        rep 4/10: t=67.447s  E=-38.5554997675
        rep 5/10: t=76.091s  E=-40.0537651789
        rep 6/10: t=78.252s  E=-40.2887743624
        rep 7/10: t=75.637s  E=-40.1252019235
        rep 8/10: t=65.709s  E=-36.6998261882
        rep 9/10: t=73.115s  E=-38.9245873048
        rep 10/10: t=68.293s  E=-37.8742714705
  [  7/296] L=200 chi= 64 sw=15      
        rep 1/10: t=150.687s  E=-75.7371470992
        rep 2/10: t=92.585s  E=-73.3960178748
        rep 3/10: t=450.299s  E=-86.7993142991
        rep 4/10: t=360.818s  E=-81.4884061465
        rep 5/10: t=101.781s  E=-73.9497441856
        rep 6/10: t=69.126s  E=-72.1028642555
        rep 7/10: t=247.046s  E=-74.6145999306
        rep 8/10: t=135.620s  E=-72.9793417674
        rep 9/10: t=159.991s  E=-75.5567231026
        rep 10/10: t=67.634s  E=-70.8725053654
  [  8/296] L=200 chi=128 sw=15      
        rep 1/10: t=97.070s  E=-71.3756577418
        rep 2/10: t=123.862s  E=-80.7740973863
        rep 3/10: t=119.705s  E=-78.4528490561
        rep 4/10: t=117.451s  E=-77.9487038045
        rep 5/10: t=112.842s  E=-77.9371325183
        rep 6/10: t=122.220s  E=-80.1651900175
        rep 7/10: t=122.700s  E=-78.6091401073
        rep 8/10: t=102.464s  E=-74.1348422858
        rep 9/10: t=106.150s  E=-76.3567788943
        rep 10/10: t=95.490s  E=-73.4802264002
  [  9/296] L=200 chi=256 sw=10      
        rep 1/10: t=108.083s  E=-79.9353920948
        rep 2/10: t=101.023s  E=-76.9787492719
        rep 3/10: t=107.580s  E=-79.9514213799
        rep 4/10: t=107.486s  E=-79.6215097664
        rep 5/10: t=105.619s  E=-78.8258608072
        rep 6/10: t=111.583s  E=-80.4315026824
        rep 7/10: t=111.565s  E=-80.8035375845
        rep 8/10: t=100.427s  E=-77.3141596784
        rep 9/10: t=108.085s  E=-77.7302355209
        rep 10/10: t=108.001s  E=-79.1568156012
  [ 10/296] L=500 chi=128 sw=10      
