============================================================
 G1 baseline launcher — 2026-05-09T13:14:59Z
============================================================
Repo:    /home/hotaisle/dmrg-implementations
Out:     benchmarks/paper_results/mi300x/g1-single-gpu-20260509-1314
HEAD:    6d76c6f3710a0f38b9e9a0ba2aa3c5003958c844
Branch:  main
Target:  single-gpu
Mode:    smoke=1 full=0 skip_smoke=0
Reps:    10
PDMRG:   warmup=2 polish=2 local=1
Variants: dmrg-gpu-base dmrg-gpu dmrg-gpu-opt dmrg2-gpu-base dmrg2-gpu dmrg2-gpu-opt pdmrg-gpu-base pdmrg-gpu pdmrg-gpu-opt
Filter:  --impl dmrg-gpu-base,dmrg-gpu,dmrg-gpu-opt,dmrg2-gpu-base,dmrg2-gpu,dmrg2-gpu-opt,pdmrg-gpu-base,pdmrg-gpu,pdmrg-gpu-opt
============================================================

[1/4] Environment verification
------------------------------
hipcc: HIP version: 7.2.26015-fc0010cf6a
ROCm: 7.2.0
WARNING: AMD GPU device(s) is/are in a low-power state. Check power control/runtime_status
GPU[0]		: Card Series: 		AMD Instinct MI300X VF
GPU[0]		: Card Model: 		0x74b5
GPU[0]		: Card Vendor: 		Advanced Micro Devices, Inc. [AMD/ATI]

[2/4] Defect-class registry pre-flight
--------------------------------------
Registry: TOTAL HITS = 0

[3/4] Building 9 GPU variants
--------------------------------------

--- Building dmrg-gpu-base ---
OK: dmrg-gpu-base -> gpu-rocm/dmrg-gpu-base/build/dmrg_gpu_base

--- Building dmrg-gpu ---
OK: dmrg-gpu -> gpu-rocm/dmrg-gpu/build/dmrg_gpu

--- Building dmrg-gpu-opt ---
OK: dmrg-gpu-opt -> gpu-rocm/dmrg-gpu-opt/build/dmrg_gpu_opt

--- Building dmrg2-gpu-base ---
OK: dmrg2-gpu-base -> gpu-rocm/dmrg2-gpu-base/build/dmrg2_gpu_base

--- Building dmrg2-gpu ---
OK: dmrg2-gpu -> gpu-rocm/dmrg2-gpu/build/dmrg2_gpu

--- Building dmrg2-gpu-opt ---
OK: dmrg2-gpu-opt -> gpu-rocm/dmrg2-gpu-opt/build/dmrg2_gpu_opt

--- Building pdmrg-gpu-base ---
OK: pdmrg-gpu-base -> gpu-rocm/pdmrg-gpu-base/build/pdmrg_gpu_base

--- Building pdmrg-gpu ---
OK: pdmrg-gpu -> gpu-rocm/pdmrg-gpu/build/pdmrg_gpu

--- Building pdmrg-gpu-opt ---
OK: pdmrg-gpu-opt -> gpu-rocm/pdmrg-gpu-opt/build/pdmrg_gpu_opt

[4/4] Running benchmarks
------------------------

==== SMOKE (ULTRA_TRIM grid, --trim, reps=1, ~30 min) ====

--- Grid: smoke-20260509-1314 ---

#################################################################
  MI300X Challenge Benchmarks
  Grid:             ULTRA_TRIM (18 configs)
  Implementations:  dmrg-gpu-base, dmrg-gpu, dmrg-gpu-opt, dmrg2-gpu-base, dmrg2-gpu, dmrg2-gpu-opt, pdmrg-gpu-base, pdmrg-gpu, pdmrg-gpu-opt
  Models:           heisenberg, josephson, tfim
  Configs:          162  (× 1 repeats)
  GPU warmup:       ON
  PDMRG overrides:  warmup=2, polish=2, local=1, recal=None
  Timestamp:        20260509_131557_smoke-20260509-1314
  Output:           benchmarks/paper_results/mi300x/g1-single-gpu-20260509-1314
#################################################################
  Git commit:       6d76c6f3710a (main)

=================================================================
  dmrg-gpu-base — heisenberg
=================================================================
  [  1/162] L= 50 chi= 64 sw=20      
        rep 1/1: t=38.308s  E=-18.2689658105
  [  2/162] L= 50 chi=128 sw=20      
        rep 1/1: t=49.672s  E=-20.2128922189
  [  3/162] L= 50 chi=256 sw=15      
        rep 1/1: t=46.186s  E=-19.9265906545
  [  4/162] L=100 chi= 64 sw=20      
        rep 1/1: t=68.186s  E=-36.2975199853
  [  5/162] L=100 chi=128 sw=20      
        rep 1/1: t=92.811s  E=-40.5268622263
  [  6/162] L=100 chi=256 sw=15      
        rep 1/1: t=84.047s  E=-39.8186570094

=================================================================
  dmrg-gpu-base — josephson
=================================================================
  [  7/162] L= 16 chi= 64 sw=20      
        rep 1/1: t=9.441s  E=-5.3934569207
  [  8/162] L= 16 chi=128 sw=20      
        rep 1/1: t=8.864s  E=-5.3497860422
  [  9/162] L= 16 chi=256 sw=15      
        rep 1/1: t=9.179s  E=-5.2133982538
  [ 10/162] L= 32 chi= 64 sw=20      
        rep 1/1: t=12.577s  E=-11.0607589696
  [ 11/162] L= 32 chi=128 sw=20      
        rep 1/1: t=14.416s  E=-11.1485497580
  [ 12/162] L= 32 chi=256 sw=15      
        rep 1/1: t=12.071s  E=-10.9349585651

=================================================================
  dmrg-gpu-base — tfim
=================================================================
  [ 13/162] L= 50 chi= 64 sw=20      
        rep 1/1: t=27.273s  E=-63.2072213238
  [ 14/162] L= 50 chi=128 sw=20      
        rep 1/1: t=31.695s  E=-63.3001605306
  [ 15/162] L= 50 chi=256 sw=15      
        rep 1/1: t=32.938s  E=-63.2161689160
  [ 16/162] L=100 chi= 64 sw=20      
        rep 1/1: t=136.441s  E=-126.6324747439
  [ 17/162] L=100 chi=128 sw=20      
        rep 1/1: t=238.047s  E=-126.5195668441
  [ 18/162] L=100 chi=256 sw=15      
        rep 1/1: t=53.114s  E=-126.5503693853

=================================================================
  dmrg-gpu — heisenberg
=================================================================
  [ 19/162] L= 50 chi= 64 sw=20      
        rep 1/1: t=3.665s  E=-21.9721102719
  [ 20/162] L= 50 chi=128 sw=20      
        rep 1/1: t=5.553s  E=-21.9721102812
  [ 21/162] L= 50 chi=256 sw=15      
        rep 1/1: t=11.762s  E=-21.9721102813
  [ 22/162] L=100 chi= 64 sw=20      
        rep 1/1: t=18.515s  E=-44.1277392737
  [ 23/162] L=100 chi=128 sw=20      
        rep 1/1: t=16.377s  E=-44.1277398906
  [ 24/162] L=100 chi=256 sw=15      
        rep 1/1: t=34.464s  E=-44.1277398933

=================================================================
  dmrg-gpu — josephson
=================================================================
  [ 25/162] L= 16 chi= 64 sw=20      
        rep 1/1: t=2.626s  E=-6.1725971628
  [ 26/162] L= 16 chi=128 sw=20      
        rep 1/1: t=2.533s  E=-6.1725971741
  [ 27/162] L= 16 chi=256 sw=15      
        rep 1/1: t=21.662s  E=-6.1464953770
  [ 28/162] L= 32 chi= 64 sw=20      
        rep 1/1: t=16.474s  E=-12.8406060686
  [ 29/162] L= 32 chi=128 sw=20      
        rep 1/1: t=7.467s  E=-12.8406068846
  [ 30/162] L= 32 chi=256 sw=15      
        rep 1/1: t=56.407s  E=-12.8405741777

=================================================================
  dmrg-gpu — tfim
=================================================================
  [ 31/162] L= 50 chi= 64 sw=20      
        rep 1/1: t=2.688s  E=-63.3011891554
  [ 32/162] L= 50 chi=128 sw=20      
        rep 1/1: t=6.105s  E=-63.3011891554
  [ 33/162] L= 50 chi=256 sw=15      
        rep 1/1: t=13.314s  E=-63.3011891554
  [ 34/162] L=100 chi= 64 sw=20      
        rep 1/1: t=6.835s  E=-126.9618767397
  [ 35/162] L=100 chi=128 sw=20      
        rep 1/1: t=16.543s  E=-126.9618767397
  [ 36/162] L=100 chi=256 sw=15      
        rep 1/1: t=46.297s  E=-126.9618767397

=================================================================
  dmrg-gpu-opt — heisenberg
=================================================================
  [ 37/162] L= 50 chi= 64 sw=20      
        rep 1/1: t=56.197s  E=-21.9721087107
  [ 38/162] L= 50 chi=128 sw=20      
        rep 1/1: t=96.763s  E=-21.9720970334
  [ 39/162] L= 50 chi=256 sw=15      
        rep 1/1: t=66.303s  E=-21.9721102812
  [ 40/162] L=100 chi= 64 sw=20      
        rep 1/1: t=146.574s  E=-44.1277300657
  [ 41/162] L=100 chi=128 sw=20      
        rep 1/1: t=224.762s  E=-44.1270320385
  [ 42/162] L=100 chi=256 sw=15      
        rep 1/1: t=153.796s  E=-44.1277394658

=================================================================
  dmrg-gpu-opt — josephson
=================================================================
  [ 43/162] L= 16 chi= 64 sw=20      
        rep 1/1: t=38.328s  E=-6.1725971629
  [ 44/162] L= 16 chi=128 sw=20      
        rep 1/1: t=31.083s  E=-6.1725971741
  [ 45/162] L= 16 chi=256 sw=15      
        rep 1/1: t=70.357s  E=-6.1725971741
  [ 46/162] L= 32 chi= 64 sw=20      
        rep 1/1: t=136.478s  E=-12.8406060653
  [ 47/162] L= 32 chi=128 sw=20      
        rep 1/1: t=208.975s  E=-12.8406068847
  [ 48/162] L= 32 chi=256 sw=15      
        rep 1/1: t=297.306s  E=-12.8406068876

=================================================================
  dmrg-gpu-opt — tfim
=================================================================
  [ 49/162] L= 50 chi= 64 sw=20      
        rep 1/1: t=40.005s  E=-63.3011891554
  [ 50/162] L= 50 chi=128 sw=20      
        rep 1/1: t=95.055s  E=-63.3010515972
  [ 51/162] L= 50 chi=256 sw=15      
        rep 1/1: t=112.783s  E=-63.2953976120
  [ 52/162] L=100 chi= 64 sw=20      
        rep 1/1: t=112.553s  E=-126.9618767392
  [ 53/162] L=100 chi=128 sw=20      
        rep 1/1: t=216.730s  E=-126.9571957202
  [ 54/162] L=100 chi=256 sw=15      
        rep 1/1: t=269.934s  E=-126.9602927763

=================================================================
  dmrg2-gpu-base — heisenberg
=================================================================
  [ 55/162] L= 50 chi= 64 sw=20      
        rep 1/1: t=133.307s  E=-21.7717249639
  [ 56/162] L= 50 chi=128 sw=20      
        rep 1/1: t=136.204s  E=-21.6918944827
  [ 57/162] L= 50 chi=256 sw=15      
        rep 1/1: t=104.626s  E=-21.6859644884
  [ 58/162] L=100 chi= 64 sw=20      
        rep 1/1: t=280.483s  E=-43.0024218420
  [ 59/162] L=100 chi=128 sw=20      
        rep 1/1: t=281.795s  E=-43.1589926018
  [ 60/162] L=100 chi=256 sw=15      
        rep 1/1: t=213.814s  E=-43.3849089556

=================================================================
  dmrg2-gpu-base — josephson
=================================================================
  [ 61/162] L= 16 chi= 64 sw=20      
        rep 1/1: t=115.262s  E=-5.8768506859
  [ 62/162] L= 16 chi=128 sw=20      
        rep 1/1: t=117.045s  E=-5.9394566402
  [ 63/162] L= 16 chi=256 sw=15      
        rep 1/1: t=89.266s  E=-5.8427827242
  [ 64/162] L= 32 chi= 64 sw=20      
        rep 1/1: t=244.801s  E=-12.4062867871
  [ 65/162] L= 32 chi=128 sw=20      
        rep 1/1: t=254.370s  E=-12.4238035716
  [ 66/162] L= 32 chi=256 sw=15      
        rep 1/1: t=179.944s  E=-11.9523061941

=================================================================
  dmrg2-gpu-base — tfim
=================================================================
  [ 67/162] L= 50 chi= 64 sw=20      
        rep 1/1: t=131.731s  E=-63.1295147202
  [ 68/162] L= 50 chi=128 sw=20      
        rep 1/1: t=133.469s  E=-63.1301083178
  [ 69/162] L= 50 chi=256 sw=15      
        rep 1/1: t=99.471s  E=-62.8788394648
  [ 70/162] L=100 chi= 64 sw=20      
        rep 1/1: t=274.694s  E=-126.9143277150
  [ 71/162] L=100 chi=128 sw=20      
        rep 1/1: t=299.118s  E=-126.6969828722
  [ 72/162] L=100 chi=256 sw=15      
        rep 1/1: t=224.754s  E=-126.6871986526

=================================================================
  dmrg2-gpu — heisenberg
=================================================================
  [ 73/162] L= 50 chi= 64 sw=20      
        rep 1/1: t=6.016s  E=-21.9721102716
  [ 74/162] L= 50 chi=128 sw=20      
        rep 1/1: t=7.949s  E=-21.9721102813
  [ 75/162] L= 50 chi=256 sw=15      
        rep 1/1: t=13.993s  E=-21.9721102813
  [ 76/162] L=100 chi= 64 sw=20      
        rep 1/1: t=17.602s  E=-44.1277392501
  [ 77/162] L=100 chi=128 sw=20      
        rep 1/1: t=27.676s  E=-44.1277398910
  [ 78/162] L=100 chi=256 sw=15      
        rep 1/1: t=58.578s  E=-44.1277398937

=================================================================
  dmrg2-gpu — josephson
=================================================================
  [ 79/162] L= 16 chi= 64 sw=20      
        rep 1/1: t=6.762s  E=-6.1725971623
  [ 80/162] L= 16 chi=128 sw=20      
        rep 1/1: t=101.590s  E=-6.1705088961
  [ 81/162] L= 16 chi=256 sw=15      
        rep 1/1: t=209.925s  E=-6.1684088516
  [ 82/162] L= 32 chi= 64 sw=20      
        rep 1/1: t=52.440s  E=-12.8406059888
  [ 83/162] L= 32 chi=128 sw=20      
        rep 1/1: t=289.664s  E=-12.8103377419
  [ 84/162] L= 32 chi=256 sw=15      
        rep 1/1: t=619.061s  E=-12.8367576721

=================================================================
  dmrg2-gpu — tfim
=================================================================
  [ 85/162] L= 50 chi= 64 sw=20      
        rep 1/1: t=7.252s  E=-63.3011891554
  [ 86/162] L= 50 chi=128 sw=20      
        rep 1/1: t=13.450s  E=-63.3011891554
  [ 87/162] L= 50 chi=256 sw=15      
        rep 1/1: t=29.021s  E=-63.3011891554
  [ 88/162] L=100 chi= 64 sw=20      
        rep 1/1: t=17.270s  E=-126.9618767397
  [ 89/162] L=100 chi=128 sw=20      
        rep 1/1: t=42.044s  E=-126.9618767398
  [ 90/162] L=100 chi=256 sw=15      
        rep 1/1: t=103.309s  E=-126.9618767397

=================================================================
  dmrg2-gpu-opt — heisenberg
=================================================================
  [ 91/162] L= 50 chi= 64 sw=20      
        rep 1/1: t=118.237s  E=-0.7990866926
  [ 92/162] L= 50 chi=128 sw=20      
        rep 1/1: FAIL == GPU options ==
  device_k       : off
  lanczos_graph  : 
  [ 93/162] L= 50 chi=256 sw=15      
        rep 1/1: t=11.210s  E=-0.0000000000
  [ 94/162] L=100 chi= 64 sw=20      
        rep 1/1: t=239.730s  E=-0.0005368239
  [ 95/162] L=100 chi=128 sw=20      
        rep 1/1: t=388.248s  E=-0.0001028890
  [ 96/162] L=100 chi=256 sw=15      
        rep 1/1: t=22.437s  E=-0.0000000000

=================================================================
  dmrg2-gpu-opt — josephson
=================================================================
  [ 97/162] L= 16 chi= 64 sw=20      
        rep 1/1: FAIL == GPU options ==
  device_k       : off
  lanczos_graph  : 
  [ 98/162] L= 16 chi=128 sw=20      
        rep 1/1: FAIL == GPU options ==
  device_k       : off
  lanczos_graph  : 
  [ 99/162] L= 16 chi=256 sw=15      
        rep 1/1: FAIL == GPU options ==
  device_k       : off
  lanczos_graph  : 
  [100/162] L= 32 chi= 64 sw=20      
        rep 1/1: FAIL == GPU options ==
  device_k       : off
  lanczos_graph  : 
  [101/162] L= 32 chi=128 sw=20      
        rep 1/1: FAIL == GPU options ==
  device_k       : off
  lanczos_graph  : 
  [102/162] L= 32 chi=256 sw=15      
        rep 1/1: FAIL == GPU options ==
  device_k       : off
  lanczos_graph  : 

=================================================================
  dmrg2-gpu-opt — tfim
=================================================================
  [103/162] L= 50 chi= 64 sw=20      
        rep 1/1: t=19.550s  E=-63.3011891554
  [104/162] L= 50 chi=128 sw=20      
        rep 1/1: t=136.992s  E=-63.3011891327
  [105/162] L= 50 chi=256 sw=15      
